<?xml version="1.0" encoding="UTF-8"?>
<testsuite name="kr.ac.kopo.springlearning.service.StudentServiceTest" tests="1" skipped="0" failures="0" errors="0" timestamp="2023-05-31T07:02:00" hostname="DESKTOP-56V8VR4" time="0.019">
  <properties/>
  <testcase name="insert()" classname="kr.ac.kopo.springlearning.service.StudentServiceTest" time="0.019"/>
  <system-out><![CDATA[kr.ac.kopo.springlearning.domain.Student@2462cb01
철수
10
3
]]></system-out>
  <system-err><![CDATA[]]></system-err>
</testsuite>
